Base path: 'C:/Program Files/Unity/Hub/Editor/2021.3.18f1/Editor/Data', plugins path 'C:/Program Files/Unity/Hub/Editor/2021.3.18f1/Editor/Data/PlaybackEngines'
Cmd: initializeCompiler

Cmd: disassembleShader
 name=Standard platform=gles type=5 mask=6 insize=10065 outsize=10065 ok=1

Cmd: disassembleShader
 name=Standard platform=gles3 type=4 mask=6 insize=12188 outsize=12188 ok=1

Cmd: disassembleShader
 name=Standard platform=gles3 type=4 mask=6 insize=12782 outsize=12782 ok=1

Cmd: disassembleShader
 name=Standard platform=gles3 type=4 mask=6 insize=10658 outsize=10658 ok=1

Cmd: disassembleShader
 name=Standard platform=gles3 type=4 mask=6 insize=7490 outsize=7490 ok=1

Cmd: disassembleShader
 name=Standard platform=gles3 type=4 mask=6 insize=9582 outsize=9582 ok=1

Cmd: disassembleShader
 name=Standard platform=gles3 type=4 mask=6 insize=7358 outsize=7358 ok=1

Cmd: disassembleShader
 name=Standard platform=gles3 type=4 mask=6 insize=12555 outsize=12555 ok=1

Cmd: disassembleShader
 name=Standard platform=gles3 type=4 mask=6 insize=10377 outsize=10377 ok=1

Cmd: disassembleShader
 name=Standard platform=gles3 type=4 mask=6 insize=9319 outsize=9319 ok=1

Cmd: disassembleShader
 name=Standard platform=gles3 type=4 mask=6 insize=7985 outsize=7985 ok=1

Cmd: disassembleShader
 name=Standard platform=gles3 type=4 mask=6 insize=13776 outsize=13776 ok=1

Cmd: disassembleShader
 name=Standard platform=gles3 type=4 mask=6 insize=14370 outsize=14370 ok=1

Cmd: disassembleShader
 name=Standard platform=gles3 type=4 mask=6 insize=12220 outsize=12220 ok=1

Cmd: disassembleShader
 name=Standard platform=gles3 type=4 mask=6 insize=7490 outsize=7490 ok=1

Cmd: disassembleShader
 name=Standard platform=gles3 type=4 mask=6 insize=6019 outsize=6019 ok=1

Cmd: disassembleShader
 name=Standard platform=gles3 type=4 mask=6 insize=12972 outsize=12972 ok=1

Cmd: disassembleShader
 name=Standard platform=gles3 type=4 mask=6 insize=13599 outsize=13599 ok=1

Cmd: disassembleShader
 name=Standard platform=gles3 type=4 mask=6 insize=11299 outsize=11299 ok=1

Cmd: disassembleShader
 name=Standard platform=gles3 type=4 mask=6 insize=10362 outsize=10362 ok=1

Cmd: disassembleShader
 name=Standard platform=gles3 type=4 mask=6 insize=12532 outsize=12532 ok=1

Cmd: disassembleShader
 name=Standard platform=gles3 type=4 mask=6 insize=14747 outsize=14747 ok=1

Cmd: disassembleShader
 name=Standard platform=gles3 type=4 mask=6 insize=15360 outsize=15360 ok=1

Cmd: disassembleShader
 name=Standard platform=gles3 type=4 mask=6 insize=10093 outsize=10093 ok=1

Cmd: disassembleShader
 name=Standard platform=gles3 type=4 mask=6 insize=10758 outsize=10758 ok=1

Cmd: disassembleShader
 name=Standard platform=gles3 type=4 mask=6 insize=8401 outsize=8401 ok=1

Cmd: disassembleShader
 name=Standard platform=gles3 type=4 mask=6 insize=14535 outsize=14535 ok=1

Cmd: disassembleShader
 name=Standard platform=gles3 type=4 mask=6 insize=15162 outsize=15162 ok=1

Cmd: disassembleShader
 name=Standard platform=gles3 type=4 mask=6 insize=12861 outsize=12861 ok=1

Cmd: disassembleShader
 name=Standard platform=gles3 type=4 mask=6 insize=10362 outsize=10362 ok=1

Cmd: disassembleShader
 name=Standard platform=gles3 type=4 mask=6 insize=9028 outsize=9028 ok=1

Cmd: disassembleShader
 name=Standard platform=gles3 type=4 mask=6 insize=16310 outsize=16310 ok=1

Cmd: disassembleShader
 name=Standard platform=gles3 type=4 mask=6 insize=16923 outsize=16923 ok=1

Cmd: disassembleShader
 name=Standard platform=gles3 type=4 mask=6 insize=14665 outsize=14665 ok=1

Cmd: disassembleShader
 name=Standard platform=gles3 type=4 mask=6 insize=8533 outsize=8533 ok=1

Cmd: disassembleShader
 name=Standard platform=gles3 type=4 mask=6 insize=7062 outsize=7062 ok=1

Cmd: disassembleShader
 name=Standard platform=gles type=5 mask=6 insize=8116 outsize=8116 ok=1

Cmd: disassembleShader
 name=Standard platform=gles type=5 mask=6 insize=5455 outsize=5455 ok=1

Cmd: disassembleShader
 name=Standard platform=gles type=5 mask=6 insize=8128 outsize=8128 ok=1

Cmd: disassembleShader
 name=Standard platform=gles type=5 mask=6 insize=7788 outsize=7788 ok=1

Cmd: disassembleShader
 name=Standard platform=gles type=5 mask=6 insize=10805 outsize=10805 ok=1

Cmd: disassembleShader
 name=Standard platform=gles type=5 mask=6 insize=10026 outsize=10026 ok=1

Cmd: disassembleShader
 name=Standard platform=gles3 type=4 mask=6 insize=5837 outsize=5837 ok=1

Cmd: disassembleShader
 name=Standard platform=gles3 type=4 mask=6 insize=8295 outsize=8295 ok=1

Cmd: disassembleShader
 name=Standard platform=gles3 type=4 mask=6 insize=11262 outsize=11262 ok=1

Cmd: disassembleShader
 name=Standard platform=gles3 type=4 mask=6 insize=10370 outsize=10370 ok=1

Cmd: disassembleShader
 name=Standard platform=gles3 type=4 mask=6 insize=8704 outsize=8704 ok=1

Cmd: disassembleShader
 name=Standard platform=gles type=5 mask=6 insize=2097 outsize=2097 ok=1

Cmd: disassembleShader
 name=Standard platform=gles3 type=4 mask=6 insize=3520 outsize=3520 ok=1

Cmd: disassembleShader
 name=Standard platform=gles type=5 mask=6 insize=5839 outsize=5839 ok=1

Cmd: disassembleShader
 name=Standard platform=gles3 type=4 mask=6 insize=6482 outsize=6482 ok=1

Cmd: disassembleShader
 name=Standard platform=gles3 type=4 mask=6 insize=6525 outsize=6525 ok=1

Cmd: disassembleShader
 name=Standard platform=gles3 type=4 mask=6 insize=8879 outsize=8879 ok=1

Cmd: disassembleShader
 name=Standard platform=gles3 type=4 mask=6 insize=8255 outsize=8255 ok=1

Cmd: disassembleShader
 name=Standard platform=gles type=5 mask=6 insize=9486 outsize=9486 ok=1

Cmd: disassembleShader
 name=Standard platform=gles type=5 mask=6 insize=5116 outsize=5116 ok=1

Cmd: disassembleShader
 name=Standard platform=gles type=5 mask=6 insize=10147 outsize=10147 ok=1

Cmd: disassembleShader
 name=Standard platform=gles3 type=4 mask=6 insize=10719 outsize=10719 ok=1

Cmd: disassembleShader
 name=Standard platform=gles3 type=4 mask=6 insize=7177 outsize=7177 ok=1

Cmd: disassembleShader
 name=Standard platform=gles3 type=4 mask=6 insize=7224 outsize=7224 ok=1

Cmd: disassembleShader
 name=Standard platform=gles type=5 mask=6 insize=6290 outsize=6290 ok=1

Cmd: disassembleShader
 name=Standard platform=gles type=5 mask=6 insize=5217 outsize=5217 ok=1

Cmd: disassembleShader
 name=Standard platform=gles type=5 mask=6 insize=7788 outsize=7788 ok=1

Cmd: disassembleShader
 name=Standard platform=gles type=5 mask=6 insize=7533 outsize=7533 ok=1

Cmd: disassembleShader
 name=Standard platform=gles3 type=4 mask=6 insize=7310 outsize=7310 ok=1

Cmd: disassembleShader
 name=Standard platform=gles3 type=4 mask=6 insize=6758 outsize=6758 ok=1

Cmd: disassembleShader
 name=Standard platform=gles3 type=4 mask=6 insize=10633 outsize=10633 ok=1

Cmd: disassembleShader
 name=Standard platform=gles3 type=4 mask=6 insize=7218 outsize=7218 ok=1

Cmd: disassembleShader
 name=Standard platform=gles type=5 mask=6 insize=3045 outsize=3045 ok=1

