Base path: 'C:/Program Files/Unity/Hub/Editor/2021.3.18f1/Editor/Data', plugins path 'C:/Program Files/Unity/Hub/Editor/2021.3.18f1/Editor/Data/PlaybackEngines'
Cmd: initializeCompiler

Cmd: disassembleShader
 name=Standard platform=gles type=5 mask=6 insize=11565 outsize=11565 ok=1

Cmd: disassembleShader
 name=Standard platform=gles type=5 mask=6 insize=6674 outsize=6674 ok=1

Cmd: disassembleShader
 name=Standard platform=gles type=5 mask=6 insize=8426 outsize=8426 ok=1

Cmd: disassembleShader
 name=Standard platform=gles type=5 mask=6 insize=8939 outsize=8939 ok=1

Cmd: disassembleShader
 name=Standard platform=gles type=5 mask=6 insize=6670 outsize=6670 ok=1

Cmd: disassembleShader
 name=Standard platform=gles type=5 mask=6 insize=8454 outsize=8454 ok=1

Cmd: disassembleShader
 name=Standard platform=gles3 type=4 mask=6 insize=6963 outsize=6963 ok=1

Cmd: disassembleShader
 name=Standard platform=gles3 type=4 mask=6 insize=5769 outsize=5769 ok=1

Cmd: disassembleShader
 name=Standard platform=gles3 type=4 mask=6 insize=9086 outsize=9086 ok=1

Cmd: disassembleShader
 name=Standard platform=gles3 type=4 mask=6 insize=7836 outsize=7836 ok=1

Cmd: disassembleShader
 name=Standard platform=gles3 type=4 mask=6 insize=9803 outsize=9803 ok=1

Cmd: disassembleShader
 name=Standard platform=gles3 type=4 mask=6 insize=2855 outsize=2855 ok=1

Cmd: disassembleShader
 name=Standard platform=gles3 type=4 mask=6 insize=4811 outsize=4811 ok=1

Cmd: disassembleShader
 name=Standard platform=gles type=5 mask=6 insize=5803 outsize=5803 ok=1

Cmd: disassembleShader
 name=Standard platform=gles type=5 mask=6 insize=5757 outsize=5757 ok=1

Cmd: disassembleShader
 name=Standard platform=gles3 type=4 mask=6 insize=4964 outsize=4964 ok=1

Cmd: disassembleShader
 name=Standard platform=gles3 type=4 mask=6 insize=4920 outsize=4920 ok=1

Cmd: disassembleShader
 name=Standard platform=gles3 type=4 mask=6 insize=8833 outsize=8833 ok=1

Cmd: disassembleShader
 name=Standard platform=gles type=5 mask=6 insize=10065 outsize=10065 ok=1

Cmd: disassembleShader
 name=Standard platform=gles type=5 mask=6 insize=9598 outsize=9598 ok=1

Cmd: disassembleShader
 name=Standard platform=gles type=5 mask=6 insize=9583 outsize=9583 ok=1

Cmd: disassembleShader
 name=Standard platform=gles type=5 mask=6 insize=6722 outsize=6722 ok=1

Cmd: disassembleShader
 name=Standard platform=gles3 type=4 mask=6 insize=9202 outsize=9202 ok=1

Cmd: disassembleShader
 name=Standard platform=gles3 type=4 mask=6 insize=5817 outsize=5817 ok=1

Cmd: disassembleShader
 name=Standard platform=gles3 type=4 mask=6 insize=13776 outsize=13776 ok=1

Cmd: disassembleShader
 name=Standard platform=gles type=5 mask=6 insize=6599 outsize=6599 ok=1

Cmd: disassembleShader
 name=Standard platform=gles type=5 mask=6 insize=6063 outsize=6063 ok=1

Cmd: disassembleShader
 name=Standard platform=gles type=5 mask=6 insize=9659 outsize=9659 ok=1

Cmd: disassembleShader
 name=Standard platform=gles type=5 mask=6 insize=7101 outsize=7101 ok=1

Cmd: disassembleShader
 name=Standard platform=gles3 type=4 mask=6 insize=5696 outsize=5696 ok=1

Cmd: disassembleShader
 name=Standard platform=gles3 type=4 mask=6 insize=8040 outsize=8040 ok=1

Cmd: disassembleShader
 name=Standard platform=gles3 type=4 mask=6 insize=6569 outsize=6569 ok=1

Cmd: disassembleShader
 name=Standard platform=gles3 type=4 mask=6 insize=7949 outsize=7949 ok=1

Cmd: disassembleShader
 name=Standard platform=gles3 type=4 mask=6 insize=3768 outsize=3768 ok=1

