Base path: 'C:/Program Files/Unity/Hub/Editor/2021.3.18f1/Editor/Data', plugins path 'C:/Program Files/Unity/Hub/Editor/2021.3.18f1/Editor/Data/PlaybackEngines'
Cmd: initializeCompiler

Cmd: disassembleShader
 name=Standard platform=gles type=5 mask=6 insize=6798 outsize=6798 ok=1

Cmd: disassembleShader
 name=Standard platform=gles type=5 mask=6 insize=5020 outsize=5020 ok=1

Cmd: disassembleShader
 name=Standard platform=gles type=5 mask=6 insize=8085 outsize=8085 ok=1

Cmd: disassembleShader
 name=Standard platform=gles type=5 mask=6 insize=8662 outsize=8662 ok=1

Cmd: disassembleShader
 name=Standard platform=gles type=5 mask=6 insize=8011 outsize=8011 ok=1

Cmd: disassembleShader
 name=Standard platform=gles type=5 mask=6 insize=9542 outsize=9542 ok=1

Cmd: disassembleShader
 name=Standard platform=gles3 type=4 mask=6 insize=8839 outsize=8839 ok=1

Cmd: disassembleShader
 name=Standard platform=gles3 type=4 mask=6 insize=8849 outsize=8849 ok=1

Cmd: disassembleShader
 name=Standard platform=gles3 type=4 mask=6 insize=10295 outsize=10295 ok=1

Cmd: disassembleShader
 name=Standard platform=gles3 type=4 mask=6 insize=10852 outsize=10852 ok=1

Cmd: disassembleShader
 name=Standard platform=gles3 type=4 mask=6 insize=11007 outsize=11007 ok=1

Cmd: disassembleShader
 name=Standard platform=gles3 type=4 mask=6 insize=4003 outsize=4003 ok=1

Cmd: disassembleShader
 name=Standard platform=gles type=5 mask=6 insize=4236 outsize=4236 ok=1

Cmd: disassembleShader
 name=Standard platform=gles type=5 mask=6 insize=6336 outsize=6336 ok=1

Cmd: disassembleShader
 name=Standard platform=gles3 type=4 mask=6 insize=6436 outsize=6436 ok=1

Cmd: disassembleShader
 name=Standard platform=gles3 type=4 mask=6 insize=8873 outsize=8873 ok=1

Cmd: disassembleShader
 name=Standard platform=gles3 type=4 mask=6 insize=7701 outsize=7701 ok=1

Cmd: disassembleShader
 name=Standard platform=gles type=5 mask=6 insize=8677 outsize=8677 ok=1

Cmd: disassembleShader
 name=Standard platform=gles type=5 mask=6 insize=10185 outsize=10185 ok=1

Cmd: disassembleShader
 name=Standard platform=gles type=5 mask=6 insize=10137 outsize=10137 ok=1

Cmd: disassembleShader
 name=Standard platform=gles type=5 mask=6 insize=5116 outsize=5116 ok=1

Cmd: disassembleShader
 name=Standard platform=gles3 type=4 mask=6 insize=12188 outsize=12188 ok=1

Cmd: disassembleShader
 name=Standard platform=gles3 type=4 mask=6 insize=11412 outsize=11412 ok=1

Cmd: disassembleShader
 name=Standard platform=gles3 type=4 mask=6 insize=13866 outsize=13866 ok=1

Cmd: disassembleShader
 name=Standard platform=gles type=5 mask=6 insize=6621 outsize=6621 ok=1

Cmd: disassembleShader
 name=Standard platform=gles type=5 mask=6 insize=6110 outsize=6110 ok=1

Cmd: disassembleShader
 name=Standard platform=gles type=5 mask=6 insize=5664 outsize=5664 ok=1

Cmd: disassembleShader
 name=Standard platform=gles type=5 mask=6 insize=8575 outsize=8575 ok=1

Cmd: disassembleShader
 name=Standard platform=gles type=5 mask=6 insize=6310 outsize=6310 ok=1

Cmd: disassembleShader
 name=Standard platform=gles3 type=4 mask=6 insize=7263 outsize=7263 ok=1

Cmd: disassembleShader
 name=Standard platform=gles3 type=4 mask=6 insize=8240 outsize=8240 ok=1

Cmd: disassembleShader
 name=Standard platform=gles3 type=4 mask=6 insize=7587 outsize=7587 ok=1

Cmd: disassembleShader
 name=Standard platform=gles3 type=4 mask=6 insize=9693 outsize=9693 ok=1

Cmd: disassembleShader
 name=Standard platform=gles3 type=4 mask=6 insize=3625 outsize=3625 ok=1

