Base path: 'C:/Program Files/Unity/Hub/Editor/2021.3.18f1/Editor/Data', plugins path 'C:/Program Files/Unity/Hub/Editor/2021.3.18f1/Editor/Data/PlaybackEngines'
Cmd: initializeCompiler

Cmd: disassembleShader
 name=Standard platform=gles type=5 mask=6 insize=7058 outsize=7058 ok=1

Cmd: disassembleShader
 name=Standard platform=gles type=5 mask=6 insize=5572 outsize=5572 ok=1

Cmd: disassembleShader
 name=Standard platform=gles type=5 mask=6 insize=9669 outsize=9669 ok=1

Cmd: disassembleShader
 name=Standard platform=gles type=5 mask=6 insize=6782 outsize=6782 ok=1

Cmd: disassembleShader
 name=Standard platform=gles type=5 mask=6 insize=9396 outsize=9396 ok=1

Cmd: disassembleShader
 name=Standard platform=gles type=5 mask=6 insize=6375 outsize=6375 ok=1

Cmd: disassembleShader
 name=Standard platform=gles3 type=4 mask=6 insize=6272 outsize=6272 ok=1

Cmd: disassembleShader
 name=Standard platform=gles3 type=4 mask=6 insize=10639 outsize=10639 ok=1

Cmd: disassembleShader
 name=Standard platform=gles3 type=4 mask=6 insize=7698 outsize=7698 ok=1

Cmd: disassembleShader
 name=Standard platform=gles3 type=4 mask=6 insize=8817 outsize=8817 ok=1

Cmd: disassembleShader
 name=Standard platform=gles3 type=4 mask=6 insize=11224 outsize=11224 ok=1

Cmd: disassembleShader
 name=Standard platform=gles3 type=4 mask=6 insize=2712 outsize=2712 ok=1

Cmd: disassembleShader
 name=Standard platform=gles3 type=4 mask=6 insize=3663 outsize=3663 ok=1

Cmd: disassembleShader
 name=Standard platform=gles type=5 mask=6 insize=5809 outsize=5809 ok=1

Cmd: disassembleShader
 name=Standard platform=gles type=5 mask=6 insize=4280 outsize=4280 ok=1

Cmd: disassembleShader
 name=Standard platform=gles3 type=4 mask=6 insize=4920 outsize=4920 ok=1

Cmd: disassembleShader
 name=Standard platform=gles3 type=4 mask=6 insize=10541 outsize=10541 ok=1

Cmd: disassembleShader
 name=Standard platform=gles3 type=4 mask=6 insize=8827 outsize=8827 ok=1

Cmd: disassembleShader
 name=Standard platform=gles type=5 mask=6 insize=7058 outsize=7058 ok=1

Cmd: disassembleShader
 name=Standard platform=gles type=5 mask=6 insize=10047 outsize=10047 ok=1

Cmd: disassembleShader
 name=Standard platform=gles type=5 mask=6 insize=7984 outsize=7984 ok=1

Cmd: disassembleShader
 name=Standard platform=gles type=5 mask=6 insize=8003 outsize=8003 ok=1

Cmd: disassembleShader
 name=Standard platform=gles3 type=4 mask=6 insize=10810 outsize=10810 ok=1

Cmd: disassembleShader
 name=Standard platform=gles3 type=4 mask=6 insize=9319 outsize=9319 ok=1

Cmd: disassembleShader
 name=Standard platform=gles3 type=4 mask=6 insize=11043 outsize=11043 ok=1

Cmd: disassembleShader
 name=Standard platform=gles type=5 mask=6 insize=5704 outsize=5704 ok=1

Cmd: disassembleShader
 name=Standard platform=gles type=5 mask=6 insize=8570 outsize=8570 ok=1

Cmd: disassembleShader
 name=Standard platform=gles type=5 mask=6 insize=6670 outsize=6670 ok=1

Cmd: disassembleShader
 name=Standard platform=gles type=5 mask=6 insize=6267 outsize=6267 ok=1

Cmd: disassembleShader
 name=Standard platform=gles3 type=4 mask=6 insize=8944 outsize=8944 ok=1

Cmd: disassembleShader
 name=Standard platform=gles3 type=4 mask=6 insize=5901 outsize=5901 ok=1

Cmd: disassembleShader
 name=Standard platform=gles3 type=4 mask=6 insize=8716 outsize=8716 ok=1

Cmd: disassembleShader
 name=Standard platform=gles3 type=4 mask=6 insize=8051 outsize=8051 ok=1

Cmd: disassembleShader
 name=Standard platform=gles type=5 mask=6 insize=2097 outsize=2097 ok=1

