Base path: 'C:/Program Files/Unity/Hub/Editor/2021.3.18f1/Editor/Data', plugins path 'C:/Program Files/Unity/Hub/Editor/2021.3.18f1/Editor/Data/PlaybackEngines'
Cmd: initializeCompiler

Cmd: disassembleShader
 name=Standard platform=gles type=5 mask=6 insize=8677 outsize=8677 ok=1

Cmd: disassembleShader
 name=Standard platform=gles type=5 mask=6 insize=7945 outsize=7945 ok=1

Cmd: disassembleShader
 name=Standard platform=gles type=5 mask=6 insize=10156 outsize=10156 ok=1

Cmd: disassembleShader
 name=Standard platform=gles type=5 mask=6 insize=6656 outsize=6656 ok=1

Cmd: disassembleShader
 name=Standard platform=gles type=5 mask=6 insize=11304 outsize=11304 ok=1

Cmd: disassembleShader
 name=Standard platform=gles type=5 mask=6 insize=7069 outsize=7069 ok=1

Cmd: disassembleShader
 name=Standard platform=gles type=5 mask=6 insize=8285 outsize=8285 ok=1

Cmd: disassembleShader
 name=Standard platform=gles3 type=4 mask=6 insize=8666 outsize=8666 ok=1

Cmd: disassembleShader
 name=Standard platform=gles3 type=4 mask=6 insize=12815 outsize=12815 ok=1

Cmd: disassembleShader
 name=Standard platform=gles3 type=4 mask=6 insize=8584 outsize=8584 ok=1

Cmd: disassembleShader
 name=Standard platform=gles3 type=4 mask=6 insize=9511 outsize=9511 ok=1

Cmd: disassembleShader
 name=Standard platform=gles3 type=4 mask=6 insize=8495 outsize=8495 ok=1

Cmd: disassembleShader
 name=Standard platform=gles type=5 mask=6 insize=2531 outsize=2531 ok=1

Cmd: disassembleShader
 name=Standard platform=gles type=5 mask=6 insize=4236 outsize=4236 ok=1

Cmd: disassembleShader
 name=Standard platform=gles3 type=4 mask=6 insize=8565 outsize=8565 ok=1

Cmd: disassembleShader
 name=Standard platform=gles3 type=4 mask=6 insize=4964 outsize=4964 ok=1

Cmd: disassembleShader
 name=Standard platform=gles3 type=4 mask=6 insize=6007 outsize=6007 ok=1

Cmd: disassembleShader
 name=Standard platform=gles3 type=4 mask=6 insize=8833 outsize=8833 ok=1

Cmd: disassembleShader
 name=Standard platform=gles type=5 mask=6 insize=9562 outsize=9562 ok=1

Cmd: disassembleShader
 name=Standard platform=gles type=5 mask=6 insize=11638 outsize=11638 ok=1

Cmd: disassembleShader
 name=Standard platform=gles type=5 mask=6 insize=10065 outsize=10065 ok=1

Cmd: disassembleShader
 name=Standard platform=gles type=5 mask=6 insize=8076 outsize=8076 ok=1

Cmd: disassembleShader
 name=Standard platform=gles3 type=4 mask=6 insize=9481 outsize=9481 ok=1

Cmd: disassembleShader
 name=Standard platform=gles3 type=4 mask=6 insize=7985 outsize=7985 ok=1

Cmd: disassembleShader
 name=Standard platform=gles type=5 mask=6 insize=8183 outsize=8183 ok=1

Cmd: disassembleShader
 name=Standard platform=gles type=5 mask=6 insize=7639 outsize=7639 ok=1

Cmd: disassembleShader
 name=Standard platform=gles type=5 mask=6 insize=6656 outsize=6656 ok=1

Cmd: disassembleShader
 name=Standard platform=gles type=5 mask=6 insize=7158 outsize=7158 ok=1

Cmd: disassembleShader
 name=Standard platform=gles3 type=4 mask=6 insize=7359 outsize=7359 ok=1

Cmd: disassembleShader
 name=Standard platform=gles3 type=4 mask=6 insize=8384 outsize=8384 ok=1

Cmd: disassembleShader
 name=Standard platform=gles3 type=4 mask=6 insize=7549 outsize=7549 ok=1

Cmd: disassembleShader
 name=Standard platform=gles3 type=4 mask=6 insize=8584 outsize=8584 ok=1

Cmd: disassembleShader
 name=Standard platform=gles type=5 mask=6 insize=2097 outsize=2097 ok=1

