Base path: 'C:/Program Files/Unity/Hub/Editor/2021.3.18f1/Editor/Data', plugins path 'C:/Program Files/Unity/Hub/Editor/2021.3.18f1/Editor/Data/PlaybackEngines'
Cmd: initializeCompiler

Cmd: disassembleShader
 name=Standard platform=gles type=5 mask=6 insize=10653 outsize=10653 ok=1

Cmd: disassembleShader
 name=Standard platform=gles type=5 mask=6 insize=6542 outsize=6542 ok=1

Cmd: disassembleShader
 name=Standard platform=gles type=5 mask=6 insize=7588 outsize=7588 ok=1

Cmd: disassembleShader
 name=Standard platform=gles type=5 mask=6 insize=10847 outsize=10847 ok=1

Cmd: disassembleShader
 name=Standard platform=gles type=5 mask=6 insize=7656 outsize=7656 ok=1

Cmd: disassembleShader
 name=Standard platform=gles type=5 mask=6 insize=8157 outsize=8157 ok=1

Cmd: disassembleShader
 name=Standard platform=gles3 type=4 mask=6 insize=7242 outsize=7242 ok=1

Cmd: disassembleShader
 name=Standard platform=gles3 type=4 mask=6 insize=7255 outsize=7255 ok=1

Cmd: disassembleShader
 name=Standard platform=gles3 type=4 mask=6 insize=9086 outsize=9086 ok=1

Cmd: disassembleShader
 name=Standard platform=gles3 type=4 mask=6 insize=6569 outsize=6569 ok=1

Cmd: disassembleShader
 name=Standard platform=gles3 type=4 mask=6 insize=10530 outsize=10530 ok=1

Cmd: disassembleShader
 name=Standard platform=gles3 type=4 mask=6 insize=9049 outsize=9049 ok=1

Cmd: disassembleShader
 name=Standard platform=gles type=5 mask=6 insize=2531 outsize=2531 ok=1

Cmd: disassembleShader
 name=Standard platform=gles type=5 mask=6 insize=6336 outsize=6336 ok=1

Cmd: disassembleShader
 name=Standard platform=gles type=5 mask=6 insize=7781 outsize=7781 ok=1

Cmd: disassembleShader
 name=Standard platform=gles3 type=4 mask=6 insize=6488 outsize=6488 ok=1

Cmd: disassembleShader
 name=Standard platform=gles3 type=4 mask=6 insize=6442 outsize=6442 ok=1

Cmd: disassembleShader
 name=Standard platform=gles3 type=4 mask=6 insize=5963 outsize=5963 ok=1

Cmd: disassembleShader
 name=Standard platform=gles type=5 mask=6 insize=8560 outsize=8560 ok=1

Cmd: disassembleShader
 name=Standard platform=gles type=5 mask=6 insize=10894 outsize=10894 ok=1

Cmd: disassembleShader
 name=Standard platform=gles type=5 mask=6 insize=13153 outsize=13153 ok=1

Cmd: disassembleShader
 name=Standard platform=gles3 type=4 mask=6 insize=7335 outsize=7335 ok=1

Cmd: disassembleShader
 name=Standard platform=gles3 type=4 mask=6 insize=8599 outsize=8599 ok=1

Cmd: disassembleShader
 name=Standard platform=gles3 type=4 mask=6 insize=9202 outsize=9202 ok=1

Cmd: disassembleShader
 name=Standard platform=gles3 type=4 mask=6 insize=8599 outsize=8599 ok=1

Cmd: disassembleShader
 name=Standard platform=gles type=5 mask=6 insize=6263 outsize=6263 ok=1

Cmd: disassembleShader
 name=Standard platform=gles type=5 mask=6 insize=7308 outsize=7308 ok=1

Cmd: disassembleShader
 name=Standard platform=gles type=5 mask=6 insize=9197 outsize=9197 ok=1

Cmd: disassembleShader
 name=Standard platform=gles type=5 mask=6 insize=8716 outsize=8716 ok=1

Cmd: disassembleShader
 name=Standard platform=gles3 type=4 mask=6 insize=8600 outsize=8600 ok=1

Cmd: disassembleShader
 name=Standard platform=gles3 type=4 mask=6 insize=6805 outsize=6805 ok=1

Cmd: disassembleShader
 name=Standard platform=gles3 type=4 mask=6 insize=7698 outsize=7698 ok=1

Cmd: disassembleShader
 name=Standard platform=gles3 type=4 mask=6 insize=9194 outsize=9194 ok=1

Cmd: disassembleShader
 name=Standard platform=gles3 type=4 mask=6 insize=2712 outsize=2712 ok=1

