Base path: 'C:/Program Files/Unity/Hub/Editor/2021.3.18f1/Editor/Data', plugins path 'C:/Program Files/Unity/Hub/Editor/2021.3.18f1/Editor/Data/PlaybackEngines'
Cmd: initializeCompiler

Cmd: disassembleShader
 name=Standard platform=gles type=5 mask=6 insize=9876 outsize=9876 ok=1

Cmd: disassembleShader
 name=Standard platform=gles type=5 mask=6 insize=6557 outsize=6557 ok=1

Cmd: disassembleShader
 name=Standard platform=gles type=5 mask=6 insize=8260 outsize=8260 ok=1

Cmd: disassembleShader
 name=Standard platform=gles type=5 mask=6 insize=5664 outsize=5664 ok=1

Cmd: disassembleShader
 name=Standard platform=gles type=5 mask=6 insize=8308 outsize=8308 ok=1

Cmd: disassembleShader
 name=Standard platform=gles type=5 mask=6 insize=5301 outsize=5301 ok=1

Cmd: disassembleShader
 name=Standard platform=gles3 type=4 mask=6 insize=9204 outsize=9204 ok=1

Cmd: disassembleShader
 name=Standard platform=gles3 type=4 mask=6 insize=11174 outsize=11174 ok=1

Cmd: disassembleShader
 name=Standard platform=gles3 type=4 mask=6 insize=7549 outsize=7549 ok=1

Cmd: disassembleShader
 name=Standard platform=gles3 type=4 mask=6 insize=11064 outsize=11064 ok=1

Cmd: disassembleShader
 name=Standard platform=gles3 type=4 mask=6 insize=7996 outsize=7996 ok=1

Cmd: disassembleShader
 name=Standard platform=gles3 type=4 mask=6 insize=2855 outsize=2855 ok=1

Cmd: disassembleShader
 name=Standard platform=gles type=5 mask=6 insize=4280 outsize=4280 ok=1

Cmd: disassembleShader
 name=Standard platform=gles3 type=4 mask=6 insize=4920 outsize=4920 ok=1

Cmd: disassembleShader
 name=Standard platform=gles3 type=4 mask=6 insize=8519 outsize=8519 ok=1

Cmd: disassembleShader
 name=Standard platform=gles3 type=4 mask=6 insize=7701 outsize=7701 ok=1

Cmd: disassembleShader
 name=Standard platform=gles3 type=4 mask=6 insize=5963 outsize=5963 ok=1

Cmd: disassembleShader
 name=Standard platform=gles type=5 mask=6 insize=6675 outsize=6675 ok=1

Cmd: disassembleShader
 name=Standard platform=gles type=5 mask=6 insize=6722 outsize=6722 ok=1

Cmd: disassembleShader
 name=Standard platform=gles type=5 mask=6 insize=7058 outsize=7058 ok=1

Cmd: disassembleShader
 name=Standard platform=gles3 type=4 mask=6 insize=9985 outsize=9985 ok=1

Cmd: disassembleShader
 name=Standard platform=gles3 type=4 mask=6 insize=8507 outsize=8507 ok=1

Cmd: disassembleShader
 name=Standard platform=gles3 type=4 mask=6 insize=10810 outsize=10810 ok=1

Cmd: disassembleShader
 name=Standard platform=gles type=5 mask=6 insize=7687 outsize=7687 ok=1

Cmd: disassembleShader
 name=Standard platform=gles type=5 mask=6 insize=6420 outsize=6420 ok=1

Cmd: disassembleShader
 name=Standard platform=gles type=5 mask=6 insize=7250 outsize=7250 ok=1

Cmd: disassembleShader
 name=Standard platform=gles type=5 mask=6 insize=7656 outsize=7656 ok=1

Cmd: disassembleShader
 name=Standard platform=gles type=5 mask=6 insize=5403 outsize=5403 ok=1

Cmd: disassembleShader
 name=Standard platform=gles3 type=4 mask=6 insize=6404 outsize=6404 ok=1

Cmd: disassembleShader
 name=Standard platform=gles3 type=4 mask=6 insize=7338 outsize=7338 ok=1

Cmd: disassembleShader
 name=Standard platform=gles3 type=4 mask=6 insize=7891 outsize=7891 ok=1

Cmd: disassembleShader
 name=Standard platform=gles3 type=4 mask=6 insize=7005 outsize=7005 ok=1

Cmd: disassembleShader
 name=Standard platform=gles type=5 mask=6 insize=2531 outsize=2531 ok=1

